   1              		.arch armv7e-m
   2              		.eabi_attribute 27, 1
   3              		.eabi_attribute 28, 1
   4              		.eabi_attribute 20, 1
   5              		.eabi_attribute 21, 1
   6              		.eabi_attribute 23, 3
   7              		.eabi_attribute 24, 1
   8              		.eabi_attribute 25, 1
   9              		.eabi_attribute 26, 1
  10              		.eabi_attribute 30, 4
  11              		.eabi_attribute 34, 1
  12              		.eabi_attribute 18, 4
  13              		.file	"button.c"
  14              		.text
  15              	.Ltext0:
  16              		.cfi_sections	.debug_frame
  17              		.align	1
  18              		.global	button_init
  19              		.arch armv7e-m
  20              		.syntax unified
  21              		.thumb
  22              		.thumb_func
  23              		.fpu fpv4-sp-d16
  24              		.type	button_init, %function
  25              	button_init:
  26              	.LFB397:
  27              		.file 1 "src/button.c"
   1:src/button.c  **** #include "sys/devices.h"
   2:src/button.c  **** #include "sys/cm4.h"
   3:src/button.c  **** #include "button.h"
   4:src/button.c  **** 
   5:src/button.c  **** void button_init() {
  28              		.loc 1 5 20 view -0
  29              		.cfi_startproc
  30              		@ args = 0, pretend = 0, frame = 0
  31              		@ frame_needed = 0, uses_anonymous_args = 0
  32              		@ link register save eliminated.
   6:src/button.c  **** /* Configure PB3-PB6, PB8 as inputs, no pull */
   7:src/button.c  **** 	GPIOB.MODER = GPIOB.MODER & ~(0xFF<<6 | 3<<16);
  33              		.loc 1 7 2 view .LVU1
  34              		.loc 1 7 21 is_stmt 0 view .LVU2
  35 0000 044B     		ldr	r3, .L2
  36              		.loc 1 7 28 view .LVU3
  37 0002 0548     		ldr	r0, .L2+4
  38              		.loc 1 7 21 view .LVU4
  39 0004 1968     		ldr	r1, [r3]
  40              		.loc 1 7 28 view .LVU5
  41 0006 0140     		ands	r1, r1, r0
  42              		.loc 1 7 14 view .LVU6
  43 0008 1960     		str	r1, [r3]
   8:src/button.c  **** 	GPIOB.PUPDR = GPIOB.PUPDR & ~(0xFF<<6 | 3<<16);
  44              		.loc 1 8 2 is_stmt 1 view .LVU7
  45              		.loc 1 8 21 is_stmt 0 view .LVU8
  46 000a DA68     		ldr	r2, [r3, #12]
  47              		.loc 1 8 28 view .LVU9
  48 000c 0240     		ands	r2, r2, r0
  49              		.loc 1 8 14 view .LVU10
  50 000e DA60     		str	r2, [r3, #12]
   9:src/button.c  **** }
  51              		.loc 1 9 1 view .LVU11
  52 0010 7047     		bx	lr
  53              	.L3:
  54 0012 00BF     		.align	2
  55              	.L2:
  56 0014 00000000 		.word	GPIOB
  57 0018 3FC0FCFF 		.word	-212929
  58              		.cfi_endproc
  59              	.LFE397:
  60              		.size	button_init, .-button_init
  61              		.align	1
  62              		.global	button_irq_init
  63              		.syntax unified
  64              		.thumb
  65              		.thumb_func
  66              		.fpu fpv4-sp-d16
  67              		.type	button_irq_init, %function
  68              	button_irq_init:
  69              	.LFB398:
  10:src/button.c  **** 
  11:src/button.c  **** void button_irq_init () {
  70              		.loc 1 11 25 is_stmt 1 view -0
  71              		.cfi_startproc
  72              		@ args = 0, pretend = 0, frame = 0
  73              		@ frame_needed = 0, uses_anonymous_args = 0
  74              		@ link register save eliminated.
  12:src/button.c  ****   /* set PB8 as EXTI8 input */
  13:src/button.c  ****   SYSCFG.EXTICR3 = (SYSCFG.EXTICR3 & ~(0xf<<0)) | (0x1<<0);
  75              		.loc 1 13 3 view .LVU13
  76              		.loc 1 13 27 is_stmt 0 view .LVU14
  77 001c 0C4A     		ldr	r2, .L5
  78 001e 1369     		ldr	r3, [r2, #16]
  79              		.loc 1 13 36 view .LVU15
  80 0020 23F00F03 		bic	r3, r3, #15
  81              		.loc 1 13 49 view .LVU16
  82 0024 43F00103 		orr	r3, r3, #1
  83              		.loc 1 13 18 view .LVU17
  84 0028 1361     		str	r3, [r2, #16]
  14:src/button.c  **** 
  15:src/button.c  ****   /* Setup interrupt for EXTI8, falling edge */
  16:src/button.c  ****   EXTI.IMR  |= (1<<8);
  85              		.loc 1 16 3 is_stmt 1 view .LVU18
  86              		.loc 1 16 13 is_stmt 0 view .LVU19
  87 002a 0A4B     		ldr	r3, .L5+4
  88 002c 1A68     		ldr	r2, [r3]
  89 002e 42F48072 		orr	r2, r2, #256
  90 0032 1A60     		str	r2, [r3]
  17:src/button.c  ****   EXTI.RTSR &= ~(1<<8);
  91              		.loc 1 17 3 is_stmt 1 view .LVU20
  92              		.loc 1 17 13 is_stmt 0 view .LVU21
  93 0034 9A68     		ldr	r2, [r3, #8]
  94 0036 22F48072 		bic	r2, r2, #256
  95 003a 9A60     		str	r2, [r3, #8]
  18:src/button.c  ****   EXTI.FTSR |= (1<<8);
  96              		.loc 1 18 3 is_stmt 1 view .LVU22
  97              		.loc 1 18 13 is_stmt 0 view .LVU23
  98 003c DA68     		ldr	r2, [r3, #12]
  99 003e 42F48072 		orr	r2, r2, #256
 100 0042 DA60     		str	r2, [r3, #12]
  19:src/button.c  **** 
  20:src/button.c  **** 
  21:src/button.c  ****   /* enable EXTI15_10 IRQ */
  22:src/button.c  ****   NVIC.ISER[23/32]=(1<<(23%32)); 
 101              		.loc 1 22 3 is_stmt 1 view .LVU24
 102              		.loc 1 22 19 is_stmt 0 view .LVU25
 103 0044 044B     		ldr	r3, .L5+8
 104 0046 4FF40002 		mov	r2, #8388608
 105 004a 1A60     		str	r2, [r3]
  23:src/button.c  **** }
 106              		.loc 1 23 1 view .LVU26
 107 004c 7047     		bx	lr
 108              	.L6:
 109 004e 00BF     		.align	2
 110              	.L5:
 111 0050 00000000 		.word	SYSCFG
 112 0054 00000000 		.word	EXTI
 113 0058 00000000 		.word	NVIC
 114              		.cfi_endproc
 115              	.LFE398:
 116              		.size	button_irq_init, .-button_irq_init
 117              		.align	1
 118              		.global	buttonPC13_init
 119              		.syntax unified
 120              		.thumb
 121              		.thumb_func
 122              		.fpu fpv4-sp-d16
 123              		.type	buttonPC13_init, %function
 124              	buttonPC13_init:
 125              	.LFB399:
  24:src/button.c  **** 
  25:src/button.c  **** void buttonPC13_init() {
 126              		.loc 1 25 24 is_stmt 1 view -0
 127              		.cfi_startproc
 128              		@ args = 0, pretend = 0, frame = 0
 129              		@ frame_needed = 0, uses_anonymous_args = 0
 130              		@ link register save eliminated.
  26:src/button.c  **** /* Configure PC13 as inputs, no pull */
  27:src/button.c  **** 	GPIOC.MODER = GPIOC.MODER & ~(0xFF<<6 | 3<<26);
 131              		.loc 1 27 2 view .LVU28
 132              		.loc 1 27 21 is_stmt 0 view .LVU29
 133 005c 044B     		ldr	r3, .L8
 134              		.loc 1 27 28 view .LVU30
 135 005e 0548     		ldr	r0, .L8+4
 136              		.loc 1 27 21 view .LVU31
 137 0060 1968     		ldr	r1, [r3]
 138              		.loc 1 27 28 view .LVU32
 139 0062 0140     		ands	r1, r1, r0
 140              		.loc 1 27 14 view .LVU33
 141 0064 1960     		str	r1, [r3]
  28:src/button.c  **** 	GPIOC.PUPDR = GPIOC.PUPDR & ~(0xFF<<6 | 3<<26);
 142              		.loc 1 28 2 is_stmt 1 view .LVU34
 143              		.loc 1 28 21 is_stmt 0 view .LVU35
 144 0066 DA68     		ldr	r2, [r3, #12]
 145              		.loc 1 28 28 view .LVU36
 146 0068 0240     		ands	r2, r2, r0
 147              		.loc 1 28 14 view .LVU37
 148 006a DA60     		str	r2, [r3, #12]
  29:src/button.c  **** }
 149              		.loc 1 29 1 view .LVU38
 150 006c 7047     		bx	lr
 151              	.L9:
 152 006e 00BF     		.align	2
 153              	.L8:
 154 0070 00000000 		.word	GPIOC
 155 0074 3FC0FFF3 		.word	-201342913
 156              		.cfi_endproc
 157              	.LFE399:
 158              		.size	buttonPC13_init, .-buttonPC13_init
 159              		.align	1
 160              		.global	buttonPC13_irq_init
 161              		.syntax unified
 162              		.thumb
 163              		.thumb_func
 164              		.fpu fpv4-sp-d16
 165              		.type	buttonPC13_irq_init, %function
 166              	buttonPC13_irq_init:
 167              	.LFB400:
  30:src/button.c  **** 
  31:src/button.c  **** void buttonPC13_irq_init() {
 168              		.loc 1 31 28 is_stmt 1 view -0
 169              		.cfi_startproc
 170              		@ args = 0, pretend = 0, frame = 0
 171              		@ frame_needed = 0, uses_anonymous_args = 0
 172              		@ link register save eliminated.
  32:src/button.c  ****   /* set PC13 as EXTI13 input */
  33:src/button.c  ****   SYSCFG.EXTICR4 = (SYSCFG.EXTICR4 & ~(0xF0)) | (0x20);
 173              		.loc 1 33 3 view .LVU40
 174              		.loc 1 33 27 is_stmt 0 view .LVU41
 175 0078 0C4A     		ldr	r2, .L11
 176 007a 5369     		ldr	r3, [r2, #20]
 177              		.loc 1 33 36 view .LVU42
 178 007c 23F0F003 		bic	r3, r3, #240
 179              		.loc 1 33 47 view .LVU43
 180 0080 43F02003 		orr	r3, r3, #32
 181              		.loc 1 33 18 view .LVU44
 182 0084 5361     		str	r3, [r2, #20]
  34:src/button.c  **** 
  35:src/button.c  ****   /* Setup interrupt for EXTI13, falling edge */
  36:src/button.c  ****   EXTI.IMR  |= (1<<13);
 183              		.loc 1 36 3 is_stmt 1 view .LVU45
 184              		.loc 1 36 13 is_stmt 0 view .LVU46
 185 0086 0A4B     		ldr	r3, .L11+4
 186 0088 1A68     		ldr	r2, [r3]
 187 008a 42F40052 		orr	r2, r2, #8192
 188 008e 1A60     		str	r2, [r3]
  37:src/button.c  ****   EXTI.RTSR &= ~(1<<13);
 189              		.loc 1 37 3 is_stmt 1 view .LVU47
 190              		.loc 1 37 13 is_stmt 0 view .LVU48
 191 0090 9A68     		ldr	r2, [r3, #8]
 192 0092 22F40052 		bic	r2, r2, #8192
 193 0096 9A60     		str	r2, [r3, #8]
  38:src/button.c  ****   EXTI.FTSR |= (1<<13);
 194              		.loc 1 38 3 is_stmt 1 view .LVU49
 195              		.loc 1 38 13 is_stmt 0 view .LVU50
 196 0098 DA68     		ldr	r2, [r3, #12]
 197 009a 42F40052 		orr	r2, r2, #8192
 198 009e DA60     		str	r2, [r3, #12]
  39:src/button.c  **** 
  40:src/button.c  ****   /* enable EXTI15_10 IRQ */
  41:src/button.c  ****   NVIC.ISER[40/32]=(1<<(40%32)); 
 199              		.loc 1 41 3 is_stmt 1 view .LVU51
 200              		.loc 1 41 19 is_stmt 0 view .LVU52
 201 00a0 044B     		ldr	r3, .L11+8
 202 00a2 4FF48072 		mov	r2, #256
 203 00a6 5A60     		str	r2, [r3, #4]
  42:src/button.c  **** }
 204              		.loc 1 42 1 view .LVU53
 205 00a8 7047     		bx	lr
 206              	.L12:
 207 00aa 00BF     		.align	2
 208              	.L11:
 209 00ac 00000000 		.word	SYSCFG
 210 00b0 00000000 		.word	EXTI
 211 00b4 00000000 		.word	NVIC
 212              		.cfi_endproc
 213              	.LFE400:
 214              		.size	buttonPC13_irq_init, .-buttonPC13_irq_init
 215              		.align	1
 216              		.global	buttonPC13_poll
 217              		.syntax unified
 218              		.thumb
 219              		.thumb_func
 220              		.fpu fpv4-sp-d16
 221              		.type	buttonPC13_poll, %function
 222              	buttonPC13_poll:
 223              	.LFB401:
  43:src/button.c  **** 
  44:src/button.c  **** uint32_t buttonPC13_poll() {
 224              		.loc 1 44 28 is_stmt 1 view -0
 225              		.cfi_startproc
 226              		@ args = 0, pretend = 0, frame = 0
 227              		@ frame_needed = 0, uses_anonymous_args = 0
 228              		@ link register save eliminated.
  45:src/button.c  ****   return (~(GPIOC.IDR>>13) & 1); /* 1 if pressed */
 229              		.loc 1 45 3 view .LVU55
 230              		.loc 1 45 18 is_stmt 0 view .LVU56
 231 00b8 034B     		ldr	r3, .L14
 232 00ba 1869     		ldr	r0, [r3, #16]
 233              		.loc 1 45 28 view .LVU57
 234 00bc 80F40050 		eor	r0, r0, #8192
  46:src/button.c  **** }
 235              		.loc 1 46 1 view .LVU58
 236 00c0 C0F34030 		ubfx	r0, r0, #13, #1
 237 00c4 7047     		bx	lr
 238              	.L15:
 239 00c6 00BF     		.align	2
 240              	.L14:
 241 00c8 00000000 		.word	GPIOC
 242              		.cfi_endproc
 243              	.LFE401:
 244              		.size	buttonPC13_poll, .-buttonPC13_poll
 245              		.align	1
 246              		.global	button_poll
 247              		.syntax unified
 248              		.thumb
 249              		.thumb_func
 250              		.fpu fpv4-sp-d16
 251              		.type	button_poll, %function
 252              	button_poll:
 253              	.LFB402:
  47:src/button.c  **** 
  48:src/button.c  **** uint32_t button_poll() {
 254              		.loc 1 48 24 is_stmt 1 view -0
 255              		.cfi_startproc
 256              		@ args = 0, pretend = 0, frame = 0
 257              		@ frame_needed = 0, uses_anonymous_args = 0
 258              		@ link register save eliminated.
  49:src/button.c  ****   return (~(GPIOB.IDR>>8) & 1); /* 1 if pressed */
 259              		.loc 1 49 3 view .LVU60
 260              		.loc 1 49 18 is_stmt 0 view .LVU61
 261 00cc 034B     		ldr	r3, .L17
 262 00ce 1869     		ldr	r0, [r3, #16]
 263              		.loc 1 49 27 view .LVU62
 264 00d0 80F48070 		eor	r0, r0, #256
  50:src/button.c  **** }
 265              		.loc 1 50 1 view .LVU63
 266 00d4 C0F30020 		ubfx	r0, r0, #8, #1
 267 00d8 7047     		bx	lr
 268              	.L18:
 269 00da 00BF     		.align	2
 270              	.L17:
 271 00dc 00000000 		.word	GPIOB
 272              		.cfi_endproc
 273              	.LFE402:
 274              		.size	button_poll, .-button_poll
 275              	.Letext0:
 276              		.file 2 "/usr/lib/gcc/arm-none-eabi/10.3.1/include/stdint.h"
 277              		.file 3 "src/sys/devices.h"
 278              		.section	.debug_info,"",%progbits
 279              	.Ldebug_info0:
 280 0000 E0030000 		.4byte	0x3e0
 281 0004 0400     		.2byte	0x4
 282 0006 00000000 		.4byte	.Ldebug_abbrev0
 283 000a 04       		.byte	0x4
 284 000b 01       		.uleb128 0x1
 285 000c D7010000 		.4byte	.LASF59
 286 0010 0C       		.byte	0xc
 287 0011 DC000000 		.4byte	.LASF60
 288 0015 7A020000 		.4byte	.LASF61
 289 0019 00000000 		.4byte	.Ltext0
 290 001d E0000000 		.4byte	.Letext0-.Ltext0
 291 0021 00000000 		.4byte	.Ldebug_line0
 292 0025 02       		.uleb128 0x2
 293 0026 01       		.byte	0x1
 294 0027 06       		.byte	0x6
 295 0028 31010000 		.4byte	.LASF0
 296 002c 02       		.uleb128 0x2
 297 002d 02       		.byte	0x2
 298 002e 05       		.byte	0x5
 299 002f 24000000 		.4byte	.LASF1
 300 0033 02       		.uleb128 0x2
 301 0034 04       		.byte	0x4
 302 0035 05       		.byte	0x5
 303 0036 B4000000 		.4byte	.LASF2
 304 003a 02       		.uleb128 0x2
 305 003b 08       		.byte	0x8
 306 003c 05       		.byte	0x5
 307 003d 2E000000 		.4byte	.LASF3
 308 0041 03       		.uleb128 0x3
 309 0042 55000000 		.4byte	.LASF6
 310 0046 02       		.byte	0x2
 311 0047 2E       		.byte	0x2e
 312 0048 18       		.byte	0x18
 313 0049 4D000000 		.4byte	0x4d
 314 004d 02       		.uleb128 0x2
 315 004e 01       		.byte	0x1
 316 004f 08       		.byte	0x8
 317 0050 0E010000 		.4byte	.LASF4
 318 0054 02       		.uleb128 0x2
 319 0055 02       		.byte	0x2
 320 0056 07       		.byte	0x7
 321 0057 C4010000 		.4byte	.LASF5
 322 005b 03       		.uleb128 0x3
 323 005c 54010000 		.4byte	.LASF7
 324 0060 02       		.byte	0x2
 325 0061 34       		.byte	0x34
 326 0062 19       		.byte	0x19
 327 0063 67000000 		.4byte	0x67
 328 0067 02       		.uleb128 0x2
 329 0068 04       		.byte	0x4
 330 0069 07       		.byte	0x7
 331 006a FE020000 		.4byte	.LASF8
 332 006e 02       		.uleb128 0x2
 333 006f 08       		.byte	0x8
 334 0070 07       		.byte	0x7
 335 0071 3D010000 		.4byte	.LASF9
 336 0075 04       		.uleb128 0x4
 337 0076 04       		.byte	0x4
 338 0077 05       		.byte	0x5
 339 0078 696E7400 		.ascii	"int\000"
 340 007c 02       		.uleb128 0x2
 341 007d 04       		.byte	0x4
 342 007e 07       		.byte	0x7
 343 007f 5D010000 		.4byte	.LASF10
 344 0083 05       		.uleb128 0x5
 345 0084 E9000000 		.4byte	.LASF22
 346 0088 5403     		.2byte	0x354
 347 008a 03       		.byte	0x3
 348 008b 1D       		.byte	0x1d
 349 008c 08       		.byte	0x8
 350 008d 35010000 		.4byte	0x135
 351 0091 06       		.uleb128 0x6
 352 0092 F1020000 		.4byte	.LASF11
 353 0096 03       		.byte	0x3
 354 0097 1E       		.byte	0x1e
 355 0098 0C       		.byte	0xc
 356 0099 3A010000 		.4byte	0x13a
 357 009d 00       		.byte	0
 358 009e 06       		.uleb128 0x6
 359 009f 44030000 		.4byte	.LASF12
 360 00a3 03       		.byte	0x3
 361 00a4 1F       		.byte	0x1f
 362 00a5 03       		.byte	0x3
 363 00a6 4A010000 		.4byte	0x14a
 364 00aa 0C       		.byte	0xc
 365 00ab 06       		.uleb128 0x6
 366 00ac C2020000 		.4byte	.LASF13
 367 00b0 03       		.byte	0x3
 368 00b1 20       		.byte	0x20
 369 00b2 0C       		.byte	0xc
 370 00b3 3A010000 		.4byte	0x13a
 371 00b7 80       		.byte	0x80
 372 00b8 06       		.uleb128 0x6
 373 00b9 A5010000 		.4byte	.LASF14
 374 00bd 03       		.byte	0x3
 375 00be 21       		.byte	0x21
 376 00bf 03       		.byte	0x3
 377 00c0 4A010000 		.4byte	0x14a
 378 00c4 8C       		.byte	0x8c
 379 00c5 07       		.uleb128 0x7
 380 00c6 BD020000 		.4byte	.LASF15
 381 00ca 03       		.byte	0x3
 382 00cb 22       		.byte	0x22
 383 00cc 0C       		.byte	0xc
 384 00cd 3A010000 		.4byte	0x13a
 385 00d1 0001     		.2byte	0x100
 386 00d3 07       		.uleb128 0x7
 387 00d4 10030000 		.4byte	.LASF16
 388 00d8 03       		.byte	0x3
 389 00d9 23       		.byte	0x23
 390 00da 03       		.byte	0x3
 391 00db 4A010000 		.4byte	0x14a
 392 00df 0C01     		.2byte	0x10c
 393 00e1 07       		.uleb128 0x7
 394 00e2 2C010000 		.4byte	.LASF17
 395 00e6 03       		.byte	0x3
 396 00e7 24       		.byte	0x24
 397 00e8 0C       		.byte	0xc
 398 00e9 3A010000 		.4byte	0x13a
 399 00ed 8001     		.2byte	0x180
 400 00ef 07       		.uleb128 0x7
 401 00f0 C7020000 		.4byte	.LASF18
 402 00f4 03       		.byte	0x3
 403 00f5 25       		.byte	0x25
 404 00f6 03       		.byte	0x3
 405 00f7 4A010000 		.4byte	0x14a
 406 00fb 8C01     		.2byte	0x18c
 407 00fd 07       		.uleb128 0x7
 408 00fe 00000000 		.4byte	.LASF19
 409 0102 03       		.byte	0x3
 410 0103 26       		.byte	0x26
 411 0104 0C       		.byte	0xc
 412 0105 3A010000 		.4byte	0x13a
 413 0109 0002     		.2byte	0x200
 414 010b 07       		.uleb128 0x7
 415 010c 8F000000 		.4byte	.LASF20
 416 0110 03       		.byte	0x3
 417 0111 27       		.byte	0x27
 418 0112 03       		.byte	0x3
 419 0113 5A010000 		.4byte	0x15a
 420 0117 0C02     		.2byte	0x20c
 421 0119 08       		.uleb128 0x8
 422 011a 495000   		.ascii	"IP\000"
 423 011d 03       		.byte	0x3
 424 011e 28       		.byte	0x28
 425 011f 0C       		.byte	0xc
 426 0120 6A010000 		.4byte	0x16a
 427 0124 0003     		.2byte	0x300
 428 0126 07       		.uleb128 0x7
 429 0127 8F010000 		.4byte	.LASF21
 430 012b 03       		.byte	0x3
 431 012c 29       		.byte	0x29
 432 012d 0B       		.byte	0xb
 433 012e 7A010000 		.4byte	0x17a
 434 0132 5103     		.2byte	0x351
 435 0134 00       		.byte	0
 436 0135 09       		.uleb128 0x9
 437 0136 83000000 		.4byte	0x83
 438 013a 0A       		.uleb128 0xa
 439 013b 5B000000 		.4byte	0x5b
 440 013f 4A010000 		.4byte	0x14a
 441 0143 0B       		.uleb128 0xb
 442 0144 7C000000 		.4byte	0x7c
 443 0148 02       		.byte	0x2
 444 0149 00       		.byte	0
 445 014a 0A       		.uleb128 0xa
 446 014b 5B000000 		.4byte	0x5b
 447 014f 5A010000 		.4byte	0x15a
 448 0153 0B       		.uleb128 0xb
 449 0154 7C000000 		.4byte	0x7c
 450 0158 1C       		.byte	0x1c
 451 0159 00       		.byte	0
 452 015a 0A       		.uleb128 0xa
 453 015b 5B000000 		.4byte	0x5b
 454 015f 6A010000 		.4byte	0x16a
 455 0163 0B       		.uleb128 0xb
 456 0164 7C000000 		.4byte	0x7c
 457 0168 3C       		.byte	0x3c
 458 0169 00       		.byte	0
 459 016a 0A       		.uleb128 0xa
 460 016b 41000000 		.4byte	0x41
 461 016f 7A010000 		.4byte	0x17a
 462 0173 0B       		.uleb128 0xb
 463 0174 7C000000 		.4byte	0x7c
 464 0178 50       		.byte	0x50
 465 0179 00       		.byte	0
 466 017a 0A       		.uleb128 0xa
 467 017b 41000000 		.4byte	0x41
 468 017f 8A010000 		.4byte	0x18a
 469 0183 0B       		.uleb128 0xb
 470 0184 7C000000 		.4byte	0x7c
 471 0188 02       		.byte	0x2
 472 0189 00       		.byte	0
 473 018a 0C       		.uleb128 0xc
 474 018b 41000000 		.4byte	.LASF23
 475 018f 28       		.byte	0x28
 476 0190 03       		.byte	0x3
 477 0191 92       		.byte	0x92
 478 0192 08       		.byte	0x8
 479 0193 1A020000 		.4byte	0x21a
 480 0197 06       		.uleb128 0x6
 481 0198 D6000000 		.4byte	.LASF24
 482 019c 03       		.byte	0x3
 483 019d 93       		.byte	0x93
 484 019e 0C       		.byte	0xc
 485 019f 5B000000 		.4byte	0x5b
 486 01a3 00       		.byte	0
 487 01a4 06       		.uleb128 0x6
 488 01a5 5D000000 		.4byte	.LASF25
 489 01a9 03       		.byte	0x3
 490 01aa 94       		.byte	0x94
 491 01ab 0C       		.byte	0xc
 492 01ac 5B000000 		.4byte	0x5b
 493 01b0 04       		.byte	0x4
 494 01b1 06       		.uleb128 0x6
 495 01b2 F6020000 		.4byte	.LASF26
 496 01b6 03       		.byte	0x3
 497 01b7 95       		.byte	0x95
 498 01b8 0C       		.byte	0xc
 499 01b9 5B000000 		.4byte	0x5b
 500 01bd 08       		.byte	0x8
 501 01be 06       		.uleb128 0x6
 502 01bf 89000000 		.4byte	.LASF27
 503 01c3 03       		.byte	0x3
 504 01c4 96       		.byte	0x96
 505 01c5 0C       		.byte	0xc
 506 01c6 5B000000 		.4byte	0x5b
 507 01ca 0C       		.byte	0xc
 508 01cb 0D       		.uleb128 0xd
 509 01cc 49445200 		.ascii	"IDR\000"
 510 01d0 03       		.byte	0x3
 511 01d1 97       		.byte	0x97
 512 01d2 0C       		.byte	0xc
 513 01d3 5B000000 		.4byte	0x5b
 514 01d7 10       		.byte	0x10
 515 01d8 0D       		.uleb128 0xd
 516 01d9 4F445200 		.ascii	"ODR\000"
 517 01dd 03       		.byte	0x3
 518 01de 98       		.byte	0x98
 519 01df 0C       		.byte	0xc
 520 01e0 5B000000 		.4byte	0x5b
 521 01e4 14       		.byte	0x14
 522 01e5 06       		.uleb128 0x6
 523 01e6 D1000000 		.4byte	.LASF28
 524 01ea 03       		.byte	0x3
 525 01eb 99       		.byte	0x99
 526 01ec 0C       		.byte	0xc
 527 01ed 5B000000 		.4byte	0x5b
 528 01f1 18       		.byte	0x18
 529 01f2 06       		.uleb128 0x6
 530 01f3 75030000 		.4byte	.LASF29
 531 01f7 03       		.byte	0x3
 532 01f8 9A       		.byte	0x9a
 533 01f9 0C       		.byte	0xc
 534 01fa 5B000000 		.4byte	0x5b
 535 01fe 1C       		.byte	0x1c
 536 01ff 06       		.uleb128 0x6
 537 0200 BF010000 		.4byte	.LASF30
 538 0204 03       		.byte	0x3
 539 0205 9B       		.byte	0x9b
 540 0206 0C       		.byte	0xc
 541 0207 5B000000 		.4byte	0x5b
 542 020b 20       		.byte	0x20
 543 020c 06       		.uleb128 0x6
 544 020d BA010000 		.4byte	.LASF31
 545 0211 03       		.byte	0x3
 546 0212 9C       		.byte	0x9c
 547 0213 0C       		.byte	0xc
 548 0214 5B000000 		.4byte	0x5b
 549 0218 24       		.byte	0x24
 550 0219 00       		.byte	0
 551 021a 09       		.uleb128 0x9
 552 021b 8A010000 		.4byte	0x18a
 553 021f 0C       		.uleb128 0xc
 554 0220 6B000000 		.4byte	.LASF32
 555 0224 30       		.byte	0x30
 556 0225 03       		.byte	0x3
 557 0226 A0       		.byte	0xa0
 558 0227 08       		.byte	0x8
 559 0228 C9020000 		.4byte	0x2c9
 560 022c 06       		.uleb128 0x6
 561 022d 7C000000 		.4byte	.LASF33
 562 0231 03       		.byte	0x3
 563 0232 A1       		.byte	0xa1
 564 0233 0C       		.byte	0xc
 565 0234 5B000000 		.4byte	0x5b
 566 0238 00       		.byte	0
 567 0239 0D       		.uleb128 0xd
 568 023a 504D4300 		.ascii	"PMC\000"
 569 023e 03       		.byte	0x3
 570 023f A2       		.byte	0xa2
 571 0240 0C       		.byte	0xc
 572 0241 5B000000 		.4byte	0x5b
 573 0245 04       		.byte	0x4
 574 0246 06       		.uleb128 0x6
 575 0247 6A010000 		.4byte	.LASF34
 576 024b 03       		.byte	0x3
 577 024c A3       		.byte	0xa3
 578 024d 0C       		.byte	0xc
 579 024e 5B000000 		.4byte	0x5b
 580 0252 08       		.byte	0x8
 581 0253 06       		.uleb128 0x6
 582 0254 72010000 		.4byte	.LASF35
 583 0258 03       		.byte	0x3
 584 0259 A4       		.byte	0xa4
 585 025a 0C       		.byte	0xc
 586 025b 5B000000 		.4byte	0x5b
 587 025f 0C       		.byte	0xc
 588 0260 06       		.uleb128 0x6
 589 0261 7A010000 		.4byte	.LASF36
 590 0265 03       		.byte	0x3
 591 0266 A5       		.byte	0xa5
 592 0267 0C       		.byte	0xc
 593 0268 5B000000 		.4byte	0x5b
 594 026c 10       		.byte	0x10
 595 026d 06       		.uleb128 0x6
 596 026e 82010000 		.4byte	.LASF37
 597 0272 03       		.byte	0x3
 598 0273 A6       		.byte	0xa6
 599 0274 0C       		.byte	0xc
 600 0275 5B000000 		.4byte	0x5b
 601 0279 14       		.byte	0x14
 602 027a 06       		.uleb128 0x6
 603 027b A5000000 		.4byte	.LASF38
 604 027f 03       		.byte	0x3
 605 0280 A7       		.byte	0xa7
 606 0281 03       		.byte	0x3
 607 0282 5B000000 		.4byte	0x5b
 608 0286 18       		.byte	0x18
 609 0287 06       		.uleb128 0x6
 610 0288 DD020000 		.4byte	.LASF39
 611 028c 03       		.byte	0x3
 612 028d A8       		.byte	0xa8
 613 028e 03       		.byte	0x3
 614 028f 5B000000 		.4byte	0x5b
 615 0293 1C       		.byte	0x1c
 616 0294 06       		.uleb128 0x6
 617 0295 F8000000 		.4byte	.LASF40
 618 0299 03       		.byte	0x3
 619 029a A9       		.byte	0xa9
 620 029b 0C       		.byte	0xc
 621 029c 5B000000 		.4byte	0x5b
 622 02a0 20       		.byte	0x20
 623 02a1 06       		.uleb128 0x6
 624 02a2 26030000 		.4byte	.LASF41
 625 02a6 03       		.byte	0x3
 626 02a7 AA       		.byte	0xaa
 627 02a8 03       		.byte	0x3
 628 02a9 5B000000 		.4byte	0x5b
 629 02ad 24       		.byte	0x24
 630 02ae 06       		.uleb128 0x6
 631 02af 35030000 		.4byte	.LASF42
 632 02b3 03       		.byte	0x3
 633 02b4 AB       		.byte	0xab
 634 02b5 03       		.byte	0x3
 635 02b6 5B000000 		.4byte	0x5b
 636 02ba 28       		.byte	0x28
 637 02bb 06       		.uleb128 0x6
 638 02bc 50000000 		.4byte	.LASF43
 639 02c0 03       		.byte	0x3
 640 02c1 AC       		.byte	0xac
 641 02c2 0C       		.byte	0xc
 642 02c3 5B000000 		.4byte	0x5b
 643 02c7 2C       		.byte	0x2c
 644 02c8 00       		.byte	0
 645 02c9 09       		.uleb128 0x9
 646 02ca 1F020000 		.4byte	0x21f
 647 02ce 0C       		.uleb128 0xc
 648 02cf 15000000 		.4byte	.LASF44
 649 02d3 18       		.byte	0x18
 650 02d4 03       		.byte	0x3
 651 02d5 C1       		.byte	0xc1
 652 02d6 08       		.byte	0x8
 653 02d7 29030000 		.4byte	0x329
 654 02db 0D       		.uleb128 0xd
 655 02dc 494D5200 		.ascii	"IMR\000"
 656 02e0 03       		.byte	0x3
 657 02e1 C2       		.byte	0xc2
 658 02e2 0C       		.byte	0xc
 659 02e3 5B000000 		.4byte	0x5b
 660 02e7 00       		.byte	0
 661 02e8 0D       		.uleb128 0xd
 662 02e9 454D5200 		.ascii	"EMR\000"
 663 02ed 03       		.byte	0x3
 664 02ee C3       		.byte	0xc3
 665 02ef 0C       		.byte	0xc
 666 02f0 5B000000 		.4byte	0x5b
 667 02f4 04       		.byte	0x4
 668 02f5 06       		.uleb128 0x6
 669 02f6 64030000 		.4byte	.LASF45
 670 02fa 03       		.byte	0x3
 671 02fb C4       		.byte	0xc4
 672 02fc 0C       		.byte	0xc
 673 02fd 5B000000 		.4byte	0x5b
 674 0301 08       		.byte	0x8
 675 0302 06       		.uleb128 0x6
 676 0303 8A010000 		.4byte	.LASF46
 677 0307 03       		.byte	0x3
 678 0308 C5       		.byte	0xc5
 679 0309 0C       		.byte	0xc
 680 030a 5B000000 		.4byte	0x5b
 681 030e 0C       		.byte	0xc
 682 030f 06       		.uleb128 0x6
 683 0310 7A030000 		.4byte	.LASF47
 684 0314 03       		.byte	0x3
 685 0315 C6       		.byte	0xc6
 686 0316 0C       		.byte	0xc
 687 0317 5B000000 		.4byte	0x5b
 688 031b 10       		.byte	0x10
 689 031c 0D       		.uleb128 0xd
 690 031d 505200   		.ascii	"PR\000"
 691 0320 03       		.byte	0x3
 692 0321 C7       		.byte	0xc7
 693 0322 0C       		.byte	0xc
 694 0323 5B000000 		.4byte	0x5b
 695 0327 14       		.byte	0x14
 696 0328 00       		.byte	0
 697 0329 09       		.uleb128 0x9
 698 032a CE020000 		.4byte	0x2ce
 699 032e 0E       		.uleb128 0xe
 700 032f EC020000 		.4byte	.LASF48
 701 0333 03       		.byte	0x3
 702 0334 2E02     		.2byte	0x22e
 703 0336 27       		.byte	0x27
 704 0337 35010000 		.4byte	0x135
 705 033b 0E       		.uleb128 0xe
 706 033c 9F010000 		.4byte	.LASF49
 707 0340 03       		.byte	0x3
 708 0341 4402     		.2byte	0x244
 709 0343 27       		.byte	0x27
 710 0344 1A020000 		.4byte	0x21a
 711 0348 0E       		.uleb128 0xe
 712 0349 83000000 		.4byte	.LASF50
 713 034d 03       		.byte	0x3
 714 034e 4502     		.2byte	0x245
 715 0350 27       		.byte	0x27
 716 0351 1A020000 		.4byte	0x21a
 717 0355 0E       		.uleb128 0xe
 718 0356 3C000000 		.4byte	.LASF51
 719 035a 03       		.byte	0x3
 720 035b 4E02     		.2byte	0x24e
 721 035d 27       		.byte	0x27
 722 035e 29030000 		.4byte	0x329
 723 0362 0E       		.uleb128 0xe
 724 0363 64000000 		.4byte	.LASF52
 725 0367 03       		.byte	0x3
 726 0368 4F02     		.2byte	0x24f
 727 036a 29       		.byte	0x29
 728 036b C9020000 		.4byte	0x2c9
 729 036f 0F       		.uleb128 0xf
 730 0370 69030000 		.4byte	.LASF53
 731 0374 01       		.byte	0x1
 732 0375 30       		.byte	0x30
 733 0376 0A       		.byte	0xa
 734 0377 5B000000 		.4byte	0x5b
 735 037b CC000000 		.4byte	.LFB402
 736 037f 14000000 		.4byte	.LFE402-.LFB402
 737 0383 01       		.uleb128 0x1
 738 0384 9C       		.byte	0x9c
 739 0385 0F       		.uleb128 0xf
 740 0386 1C010000 		.4byte	.LASF54
 741 038a 01       		.byte	0x1
 742 038b 2C       		.byte	0x2c
 743 038c 0A       		.byte	0xa
 744 038d 5B000000 		.4byte	0x5b
 745 0391 B8000000 		.4byte	.LFB401
 746 0395 14000000 		.4byte	.LFE401-.LFB401
 747 0399 01       		.uleb128 0x1
 748 039a 9C       		.byte	0x9c
 749 039b 10       		.uleb128 0x10
 750 039c BD000000 		.4byte	.LASF55
 751 03a0 01       		.byte	0x1
 752 03a1 1F       		.byte	0x1f
 753 03a2 06       		.byte	0x6
 754 03a3 78000000 		.4byte	.LFB400
 755 03a7 40000000 		.4byte	.LFE400-.LFB400
 756 03ab 01       		.uleb128 0x1
 757 03ac 9C       		.byte	0x9c
 758 03ad 10       		.uleb128 0x10
 759 03ae 05000000 		.4byte	.LASF56
 760 03b2 01       		.byte	0x1
 761 03b3 19       		.byte	0x19
 762 03b4 06       		.byte	0x6
 763 03b5 5C000000 		.4byte	.LFB399
 764 03b9 1C000000 		.4byte	.LFE399-.LFB399
 765 03bd 01       		.uleb128 0x1
 766 03be 9C       		.byte	0x9c
 767 03bf 10       		.uleb128 0x10
 768 03c0 FE000000 		.4byte	.LASF57
 769 03c4 01       		.byte	0x1
 770 03c5 0B       		.byte	0xb
 771 03c6 06       		.byte	0x6
 772 03c7 1C000000 		.4byte	.LFB398
 773 03cb 40000000 		.4byte	.LFE398-.LFB398
 774 03cf 01       		.uleb128 0x1
 775 03d0 9C       		.byte	0x9c
 776 03d1 10       		.uleb128 0x10
 777 03d2 58030000 		.4byte	.LASF58
 778 03d6 01       		.byte	0x1
 779 03d7 05       		.byte	0x5
 780 03d8 06       		.byte	0x6
 781 03d9 00000000 		.4byte	.LFB397
 782 03dd 1C000000 		.4byte	.LFE397-.LFB397
 783 03e1 01       		.uleb128 0x1
 784 03e2 9C       		.byte	0x9c
 785 03e3 00       		.byte	0
 786              		.section	.debug_abbrev,"",%progbits
 787              	.Ldebug_abbrev0:
 788 0000 01       		.uleb128 0x1
 789 0001 11       		.uleb128 0x11
 790 0002 01       		.byte	0x1
 791 0003 25       		.uleb128 0x25
 792 0004 0E       		.uleb128 0xe
 793 0005 13       		.uleb128 0x13
 794 0006 0B       		.uleb128 0xb
 795 0007 03       		.uleb128 0x3
 796 0008 0E       		.uleb128 0xe
 797 0009 1B       		.uleb128 0x1b
 798 000a 0E       		.uleb128 0xe
 799 000b 11       		.uleb128 0x11
 800 000c 01       		.uleb128 0x1
 801 000d 12       		.uleb128 0x12
 802 000e 06       		.uleb128 0x6
 803 000f 10       		.uleb128 0x10
 804 0010 17       		.uleb128 0x17
 805 0011 00       		.byte	0
 806 0012 00       		.byte	0
 807 0013 02       		.uleb128 0x2
 808 0014 24       		.uleb128 0x24
 809 0015 00       		.byte	0
 810 0016 0B       		.uleb128 0xb
 811 0017 0B       		.uleb128 0xb
 812 0018 3E       		.uleb128 0x3e
 813 0019 0B       		.uleb128 0xb
 814 001a 03       		.uleb128 0x3
 815 001b 0E       		.uleb128 0xe
 816 001c 00       		.byte	0
 817 001d 00       		.byte	0
 818 001e 03       		.uleb128 0x3
 819 001f 16       		.uleb128 0x16
 820 0020 00       		.byte	0
 821 0021 03       		.uleb128 0x3
 822 0022 0E       		.uleb128 0xe
 823 0023 3A       		.uleb128 0x3a
 824 0024 0B       		.uleb128 0xb
 825 0025 3B       		.uleb128 0x3b
 826 0026 0B       		.uleb128 0xb
 827 0027 39       		.uleb128 0x39
 828 0028 0B       		.uleb128 0xb
 829 0029 49       		.uleb128 0x49
 830 002a 13       		.uleb128 0x13
 831 002b 00       		.byte	0
 832 002c 00       		.byte	0
 833 002d 04       		.uleb128 0x4
 834 002e 24       		.uleb128 0x24
 835 002f 00       		.byte	0
 836 0030 0B       		.uleb128 0xb
 837 0031 0B       		.uleb128 0xb
 838 0032 3E       		.uleb128 0x3e
 839 0033 0B       		.uleb128 0xb
 840 0034 03       		.uleb128 0x3
 841 0035 08       		.uleb128 0x8
 842 0036 00       		.byte	0
 843 0037 00       		.byte	0
 844 0038 05       		.uleb128 0x5
 845 0039 13       		.uleb128 0x13
 846 003a 01       		.byte	0x1
 847 003b 03       		.uleb128 0x3
 848 003c 0E       		.uleb128 0xe
 849 003d 0B       		.uleb128 0xb
 850 003e 05       		.uleb128 0x5
 851 003f 3A       		.uleb128 0x3a
 852 0040 0B       		.uleb128 0xb
 853 0041 3B       		.uleb128 0x3b
 854 0042 0B       		.uleb128 0xb
 855 0043 39       		.uleb128 0x39
 856 0044 0B       		.uleb128 0xb
 857 0045 01       		.uleb128 0x1
 858 0046 13       		.uleb128 0x13
 859 0047 00       		.byte	0
 860 0048 00       		.byte	0
 861 0049 06       		.uleb128 0x6
 862 004a 0D       		.uleb128 0xd
 863 004b 00       		.byte	0
 864 004c 03       		.uleb128 0x3
 865 004d 0E       		.uleb128 0xe
 866 004e 3A       		.uleb128 0x3a
 867 004f 0B       		.uleb128 0xb
 868 0050 3B       		.uleb128 0x3b
 869 0051 0B       		.uleb128 0xb
 870 0052 39       		.uleb128 0x39
 871 0053 0B       		.uleb128 0xb
 872 0054 49       		.uleb128 0x49
 873 0055 13       		.uleb128 0x13
 874 0056 38       		.uleb128 0x38
 875 0057 0B       		.uleb128 0xb
 876 0058 00       		.byte	0
 877 0059 00       		.byte	0
 878 005a 07       		.uleb128 0x7
 879 005b 0D       		.uleb128 0xd
 880 005c 00       		.byte	0
 881 005d 03       		.uleb128 0x3
 882 005e 0E       		.uleb128 0xe
 883 005f 3A       		.uleb128 0x3a
 884 0060 0B       		.uleb128 0xb
 885 0061 3B       		.uleb128 0x3b
 886 0062 0B       		.uleb128 0xb
 887 0063 39       		.uleb128 0x39
 888 0064 0B       		.uleb128 0xb
 889 0065 49       		.uleb128 0x49
 890 0066 13       		.uleb128 0x13
 891 0067 38       		.uleb128 0x38
 892 0068 05       		.uleb128 0x5
 893 0069 00       		.byte	0
 894 006a 00       		.byte	0
 895 006b 08       		.uleb128 0x8
 896 006c 0D       		.uleb128 0xd
 897 006d 00       		.byte	0
 898 006e 03       		.uleb128 0x3
 899 006f 08       		.uleb128 0x8
 900 0070 3A       		.uleb128 0x3a
 901 0071 0B       		.uleb128 0xb
 902 0072 3B       		.uleb128 0x3b
 903 0073 0B       		.uleb128 0xb
 904 0074 39       		.uleb128 0x39
 905 0075 0B       		.uleb128 0xb
 906 0076 49       		.uleb128 0x49
 907 0077 13       		.uleb128 0x13
 908 0078 38       		.uleb128 0x38
 909 0079 05       		.uleb128 0x5
 910 007a 00       		.byte	0
 911 007b 00       		.byte	0
 912 007c 09       		.uleb128 0x9
 913 007d 35       		.uleb128 0x35
 914 007e 00       		.byte	0
 915 007f 49       		.uleb128 0x49
 916 0080 13       		.uleb128 0x13
 917 0081 00       		.byte	0
 918 0082 00       		.byte	0
 919 0083 0A       		.uleb128 0xa
 920 0084 01       		.uleb128 0x1
 921 0085 01       		.byte	0x1
 922 0086 49       		.uleb128 0x49
 923 0087 13       		.uleb128 0x13
 924 0088 01       		.uleb128 0x1
 925 0089 13       		.uleb128 0x13
 926 008a 00       		.byte	0
 927 008b 00       		.byte	0
 928 008c 0B       		.uleb128 0xb
 929 008d 21       		.uleb128 0x21
 930 008e 00       		.byte	0
 931 008f 49       		.uleb128 0x49
 932 0090 13       		.uleb128 0x13
 933 0091 2F       		.uleb128 0x2f
 934 0092 0B       		.uleb128 0xb
 935 0093 00       		.byte	0
 936 0094 00       		.byte	0
 937 0095 0C       		.uleb128 0xc
 938 0096 13       		.uleb128 0x13
 939 0097 01       		.byte	0x1
 940 0098 03       		.uleb128 0x3
 941 0099 0E       		.uleb128 0xe
 942 009a 0B       		.uleb128 0xb
 943 009b 0B       		.uleb128 0xb
 944 009c 3A       		.uleb128 0x3a
 945 009d 0B       		.uleb128 0xb
 946 009e 3B       		.uleb128 0x3b
 947 009f 0B       		.uleb128 0xb
 948 00a0 39       		.uleb128 0x39
 949 00a1 0B       		.uleb128 0xb
 950 00a2 01       		.uleb128 0x1
 951 00a3 13       		.uleb128 0x13
 952 00a4 00       		.byte	0
 953 00a5 00       		.byte	0
 954 00a6 0D       		.uleb128 0xd
 955 00a7 0D       		.uleb128 0xd
 956 00a8 00       		.byte	0
 957 00a9 03       		.uleb128 0x3
 958 00aa 08       		.uleb128 0x8
 959 00ab 3A       		.uleb128 0x3a
 960 00ac 0B       		.uleb128 0xb
 961 00ad 3B       		.uleb128 0x3b
 962 00ae 0B       		.uleb128 0xb
 963 00af 39       		.uleb128 0x39
 964 00b0 0B       		.uleb128 0xb
 965 00b1 49       		.uleb128 0x49
 966 00b2 13       		.uleb128 0x13
 967 00b3 38       		.uleb128 0x38
 968 00b4 0B       		.uleb128 0xb
 969 00b5 00       		.byte	0
 970 00b6 00       		.byte	0
 971 00b7 0E       		.uleb128 0xe
 972 00b8 34       		.uleb128 0x34
 973 00b9 00       		.byte	0
 974 00ba 03       		.uleb128 0x3
 975 00bb 0E       		.uleb128 0xe
 976 00bc 3A       		.uleb128 0x3a
 977 00bd 0B       		.uleb128 0xb
 978 00be 3B       		.uleb128 0x3b
 979 00bf 05       		.uleb128 0x5
 980 00c0 39       		.uleb128 0x39
 981 00c1 0B       		.uleb128 0xb
 982 00c2 49       		.uleb128 0x49
 983 00c3 13       		.uleb128 0x13
 984 00c4 3F       		.uleb128 0x3f
 985 00c5 19       		.uleb128 0x19
 986 00c6 3C       		.uleb128 0x3c
 987 00c7 19       		.uleb128 0x19
 988 00c8 00       		.byte	0
 989 00c9 00       		.byte	0
 990 00ca 0F       		.uleb128 0xf
 991 00cb 2E       		.uleb128 0x2e
 992 00cc 00       		.byte	0
 993 00cd 3F       		.uleb128 0x3f
 994 00ce 19       		.uleb128 0x19
 995 00cf 03       		.uleb128 0x3
 996 00d0 0E       		.uleb128 0xe
 997 00d1 3A       		.uleb128 0x3a
 998 00d2 0B       		.uleb128 0xb
 999 00d3 3B       		.uleb128 0x3b
 1000 00d4 0B       		.uleb128 0xb
 1001 00d5 39       		.uleb128 0x39
 1002 00d6 0B       		.uleb128 0xb
 1003 00d7 49       		.uleb128 0x49
 1004 00d8 13       		.uleb128 0x13
 1005 00d9 11       		.uleb128 0x11
 1006 00da 01       		.uleb128 0x1
 1007 00db 12       		.uleb128 0x12
 1008 00dc 06       		.uleb128 0x6
 1009 00dd 40       		.uleb128 0x40
 1010 00de 18       		.uleb128 0x18
 1011 00df 9742     		.uleb128 0x2117
 1012 00e1 19       		.uleb128 0x19
 1013 00e2 00       		.byte	0
 1014 00e3 00       		.byte	0
 1015 00e4 10       		.uleb128 0x10
 1016 00e5 2E       		.uleb128 0x2e
 1017 00e6 00       		.byte	0
 1018 00e7 3F       		.uleb128 0x3f
 1019 00e8 19       		.uleb128 0x19
 1020 00e9 03       		.uleb128 0x3
 1021 00ea 0E       		.uleb128 0xe
 1022 00eb 3A       		.uleb128 0x3a
 1023 00ec 0B       		.uleb128 0xb
 1024 00ed 3B       		.uleb128 0x3b
 1025 00ee 0B       		.uleb128 0xb
 1026 00ef 39       		.uleb128 0x39
 1027 00f0 0B       		.uleb128 0xb
 1028 00f1 11       		.uleb128 0x11
 1029 00f2 01       		.uleb128 0x1
 1030 00f3 12       		.uleb128 0x12
 1031 00f4 06       		.uleb128 0x6
 1032 00f5 40       		.uleb128 0x40
 1033 00f6 18       		.uleb128 0x18
 1034 00f7 9742     		.uleb128 0x2117
 1035 00f9 19       		.uleb128 0x19
 1036 00fa 00       		.byte	0
 1037 00fb 00       		.byte	0
 1038 00fc 00       		.byte	0
 1039              		.section	.debug_aranges,"",%progbits
 1040 0000 1C000000 		.4byte	0x1c
 1041 0004 0200     		.2byte	0x2
 1042 0006 00000000 		.4byte	.Ldebug_info0
 1043 000a 04       		.byte	0x4
 1044 000b 00       		.byte	0
 1045 000c 0000     		.2byte	0
 1046 000e 0000     		.2byte	0
 1047 0010 00000000 		.4byte	.Ltext0
 1048 0014 E0000000 		.4byte	.Letext0-.Ltext0
 1049 0018 00000000 		.4byte	0
 1050 001c 00000000 		.4byte	0
 1051              		.section	.debug_line,"",%progbits
 1052              	.Ldebug_line0:
 1053 0000 82010000 		.section	.debug_str,"MS",%progbits,1
 1053      03006E00 
 1053      00000201 
 1053      FB0E0D00 
 1053      01010101 
 1054              	.LASF19:
 1055 0000 49414252 		.ascii	"IABR\000"
 1055      00
 1056              	.LASF56:
 1057 0005 62757474 		.ascii	"buttonPC13_init\000"
 1057      6F6E5043 
 1057      31335F69 
 1057      6E697400 
 1058              	.LASF44:
 1059 0015 45585449 		.ascii	"EXTI_registers\000"
 1059      5F726567 
 1059      69737465 
 1059      727300
 1060              	.LASF1:
 1061 0024 73686F72 		.ascii	"short int\000"
 1061      7420696E 
 1061      7400
 1062              	.LASF3:
 1063 002e 6C6F6E67 		.ascii	"long long int\000"
 1063      206C6F6E 
 1063      6720696E 
 1063      7400
 1064              	.LASF51:
 1065 003c 45585449 		.ascii	"EXTI\000"
 1065      00
 1066              	.LASF23:
 1067 0041 4750494F 		.ascii	"GPIO_registers\000"
 1067      5F726567 
 1067      69737465 
 1067      727300
 1068              	.LASF43:
 1069 0050 43464752 		.ascii	"CFGR\000"
 1069      00
 1070              	.LASF6:
 1071 0055 75696E74 		.ascii	"uint8_t\000"
 1071      385F7400 
 1072              	.LASF25:
 1073 005d 4F545950 		.ascii	"OTYPER\000"
 1073      455200
 1074              	.LASF52:
 1075 0064 53595343 		.ascii	"SYSCFG\000"
 1075      464700
 1076              	.LASF32:
 1077 006b 53595343 		.ascii	"SYSCFG_registers\000"
 1077      46475F72 
 1077      65676973 
 1077      74657273 
 1077      00
 1078              	.LASF33:
 1079 007c 4D454D52 		.ascii	"MEMRMP\000"
 1079      4D5000
 1080              	.LASF50:
 1081 0083 4750494F 		.ascii	"GPIOB\000"
 1081      4200
 1082              	.LASF27:
 1083 0089 50555044 		.ascii	"PUPDR\000"
 1083      5200
 1084              	.LASF20:
 1085 008f 5F726573 		.ascii	"_reserved_0x20c_0x300\000"
 1085      65727665 
 1085      645F3078 
 1085      3230635F 
 1085      30783330 
 1086              	.LASF38:
 1087 00a5 5F726573 		.ascii	"_reserved_0x18\000"
 1087      65727665 
 1087      645F3078 
 1087      313800
 1088              	.LASF2:
 1089 00b4 6C6F6E67 		.ascii	"long int\000"
 1089      20696E74 
 1089      00
 1090              	.LASF55:
 1091 00bd 62757474 		.ascii	"buttonPC13_irq_init\000"
 1091      6F6E5043 
 1091      31335F69 
 1091      72715F69 
 1091      6E697400 
 1092              	.LASF28:
 1093 00d1 42535252 		.ascii	"BSRR\000"
 1093      00
 1094              	.LASF24:
 1095 00d6 4D4F4445 		.ascii	"MODER\000"
 1095      5200
 1096              	.LASF60:
 1097 00dc 7372632F 		.ascii	"src/button.c\000"
 1097      62757474 
 1097      6F6E2E63 
 1097      00
 1098              	.LASF22:
 1099 00e9 4E564943 		.ascii	"NVIC_registers\000"
 1099      5F726567 
 1099      69737465 
 1099      727300
 1100              	.LASF40:
 1101 00f8 434D5043 		.ascii	"CMPCR\000"
 1101      5200
 1102              	.LASF57:
 1103 00fe 62757474 		.ascii	"button_irq_init\000"
 1103      6F6E5F69 
 1103      72715F69 
 1103      6E697400 
 1104              	.LASF4:
 1105 010e 756E7369 		.ascii	"unsigned char\000"
 1105      676E6564 
 1105      20636861 
 1105      7200
 1106              	.LASF54:
 1107 011c 62757474 		.ascii	"buttonPC13_poll\000"
 1107      6F6E5043 
 1107      31335F70 
 1107      6F6C6C00 
 1108              	.LASF17:
 1109 012c 49435052 		.ascii	"ICPR\000"
 1109      00
 1110              	.LASF0:
 1111 0131 7369676E 		.ascii	"signed char\000"
 1111      65642063 
 1111      68617200 
 1112              	.LASF9:
 1113 013d 6C6F6E67 		.ascii	"long long unsigned int\000"
 1113      206C6F6E 
 1113      6720756E 
 1113      7369676E 
 1113      65642069 
 1114              	.LASF7:
 1115 0154 75696E74 		.ascii	"uint32_t\000"
 1115      33325F74 
 1115      00
 1116              	.LASF10:
 1117 015d 756E7369 		.ascii	"unsigned int\000"
 1117      676E6564 
 1117      20696E74 
 1117      00
 1118              	.LASF34:
 1119 016a 45585449 		.ascii	"EXTICR1\000"
 1119      43523100 
 1120              	.LASF35:
 1121 0172 45585449 		.ascii	"EXTICR2\000"
 1121      43523200 
 1122              	.LASF36:
 1123 017a 45585449 		.ascii	"EXTICR3\000"
 1123      43523300 
 1124              	.LASF37:
 1125 0182 45585449 		.ascii	"EXTICR4\000"
 1125      43523400 
 1126              	.LASF46:
 1127 018a 46545352 		.ascii	"FTSR\000"
 1127      00
 1128              	.LASF21:
 1129 018f 5F726573 		.ascii	"_reserved_bytes\000"
 1129      65727665 
 1129      645F6279 
 1129      74657300 
 1130              	.LASF49:
 1131 019f 4750494F 		.ascii	"GPIOC\000"
 1131      4300
 1132              	.LASF14:
 1133 01a5 5F726573 		.ascii	"_reserved_0x8c_0x100\000"
 1133      65727665 
 1133      645F3078 
 1133      38635F30 
 1133      78313030 
 1134              	.LASF31:
 1135 01ba 41465248 		.ascii	"AFRH\000"
 1135      00
 1136              	.LASF30:
 1137 01bf 4146524C 		.ascii	"AFRL\000"
 1137      00
 1138              	.LASF5:
 1139 01c4 73686F72 		.ascii	"short unsigned int\000"
 1139      7420756E 
 1139      7369676E 
 1139      65642069 
 1139      6E7400
 1140              	.LASF59:
 1141 01d7 474E5520 		.ascii	"GNU C99 10.3.1 20210621 (release) -mtune=cortex-m4 "
 1141      43393920 
 1141      31302E33 
 1141      2E312032 
 1141      30323130 
 1142 020a 2D6D7468 		.ascii	"-mthumb -mfloat-abi=hard -mfpu=fpv4-sp-d16 -march=a"
 1142      756D6220 
 1142      2D6D666C 
 1142      6F61742D 
 1142      6162693D 
 1143 023d 726D7637 		.ascii	"rmv7e-m+fp -g -O0 -Os -std=gnu99 -fsingle-precision"
 1143      652D6D2B 
 1143      6670202D 
 1143      67202D4F 
 1143      30202D4F 
 1144 0270 2D636F6E 		.ascii	"-constant\000"
 1144      7374616E 
 1144      7400
 1145              	.LASF61:
 1146 027a 2F686F6D 		.ascii	"/home/matthieu/Documents/Projet_Final_MicroC/Projet"
 1146      652F6D61 
 1146      74746869 
 1146      65752F44 
 1146      6F63756D 
 1147 02ad 4D696372 		.ascii	"Micro/c_project\000"
 1147      6F2F635F 
 1147      70726F6A 
 1147      65637400 
 1148              	.LASF15:
 1149 02bd 49535052 		.ascii	"ISPR\000"
 1149      00
 1150              	.LASF13:
 1151 02c2 49434552 		.ascii	"ICER\000"
 1151      00
 1152              	.LASF18:
 1153 02c7 5F726573 		.ascii	"_reserved_0x18c_0x200\000"
 1153      65727665 
 1153      645F3078 
 1153      3138635F 
 1153      30783230 
 1154              	.LASF39:
 1155 02dd 5F726573 		.ascii	"_reserved_0x1c\000"
 1155      65727665 
 1155      645F3078 
 1155      316300
 1156              	.LASF48:
 1157 02ec 4E564943 		.ascii	"NVIC\000"
 1157      00
 1158              	.LASF11:
 1159 02f1 49534552 		.ascii	"ISER\000"
 1159      00
 1160              	.LASF26:
 1161 02f6 4F535045 		.ascii	"OSPEEDR\000"
 1161      45445200 
 1162              	.LASF8:
 1163 02fe 6C6F6E67 		.ascii	"long unsigned int\000"
 1163      20756E73 
 1163      69676E65 
 1163      6420696E 
 1163      7400
 1164              	.LASF16:
 1165 0310 5F726573 		.ascii	"_reserved_0x10c_0x180\000"
 1165      65727665 
 1165      645F3078 
 1165      3130635F 
 1165      30783138 
 1166              	.LASF41:
 1167 0326 5F726573 		.ascii	"_reserved_0x24\000"
 1167      65727665 
 1167      645F3078 
 1167      323400
 1168              	.LASF42:
 1169 0335 5F726573 		.ascii	"_reserved_0x28\000"
 1169      65727665 
 1169      645F3078 
 1169      323800
 1170              	.LASF12:
 1171 0344 5F726573 		.ascii	"_reserved_0x0c_0x80\000"
 1171      65727665 
 1171      645F3078 
 1171      30635F30 
 1171      78383000 
 1172              	.LASF58:
 1173 0358 62757474 		.ascii	"button_init\000"
 1173      6F6E5F69 
 1173      6E697400 
 1174              	.LASF45:
 1175 0364 52545352 		.ascii	"RTSR\000"
 1175      00
 1176              	.LASF53:
 1177 0369 62757474 		.ascii	"button_poll\000"
 1177      6F6E5F70 
 1177      6F6C6C00 
 1178              	.LASF29:
 1179 0375 4C434B52 		.ascii	"LCKR\000"
 1179      00
 1180              	.LASF47:
 1181 037a 53574945 		.ascii	"SWIER\000"
 1181      5200
 1182              		.ident	"GCC: (15:10.3-2021.07-4) 10.3.1 20210621 (release)"
DEFINED SYMBOLS
                            *ABS*:0000000000000000 button.c
     /tmp/cc6XxusV.s:17     .text:0000000000000000 $t
     /tmp/cc6XxusV.s:25     .text:0000000000000000 button_init
     /tmp/cc6XxusV.s:56     .text:0000000000000014 $d
     /tmp/cc6XxusV.s:61     .text:000000000000001c $t
     /tmp/cc6XxusV.s:68     .text:000000000000001c button_irq_init
     /tmp/cc6XxusV.s:111    .text:0000000000000050 $d
     /tmp/cc6XxusV.s:117    .text:000000000000005c $t
     /tmp/cc6XxusV.s:124    .text:000000000000005c buttonPC13_init
     /tmp/cc6XxusV.s:154    .text:0000000000000070 $d
     /tmp/cc6XxusV.s:159    .text:0000000000000078 $t
     /tmp/cc6XxusV.s:166    .text:0000000000000078 buttonPC13_irq_init
     /tmp/cc6XxusV.s:209    .text:00000000000000ac $d
     /tmp/cc6XxusV.s:215    .text:00000000000000b8 $t
     /tmp/cc6XxusV.s:222    .text:00000000000000b8 buttonPC13_poll
     /tmp/cc6XxusV.s:241    .text:00000000000000c8 $d
     /tmp/cc6XxusV.s:245    .text:00000000000000cc $t
     /tmp/cc6XxusV.s:252    .text:00000000000000cc button_poll
     /tmp/cc6XxusV.s:271    .text:00000000000000dc $d

UNDEFINED SYMBOLS
GPIOB
SYSCFG
EXTI
NVIC
GPIOC
