   1              		.arch armv7e-m
   2              		.eabi_attribute 27, 1
   3              		.eabi_attribute 28, 1
   4              		.eabi_attribute 20, 1
   5              		.eabi_attribute 21, 1
   6              		.eabi_attribute 23, 3
   7              		.eabi_attribute 24, 1
   8              		.eabi_attribute 25, 1
   9              		.eabi_attribute 26, 1
  10              		.eabi_attribute 30, 4
  11              		.eabi_attribute 34, 1
  12              		.eabi_attribute 18, 4
  13              		.file	"systick.c"
  14              		.text
  15              	.Ltext0:
  16              		.cfi_sections	.debug_frame
  17              		.align	1
  18              		.global	SysTick_init
  19              		.arch armv7e-m
  20              		.syntax unified
  21              		.thumb
  22              		.thumb_func
  23              		.fpu fpv4-sp-d16
  24              		.type	SysTick_init, %function
  25              	SysTick_init:
  26              	.LVL0:
  27              	.LFB397:
  28              		.file 1 "src/systick.c"
   1:src/systick.c **** #include "sys/devices.h"
   2:src/systick.c **** #include "sys/clock.h"
   3:src/systick.c **** 
   4:src/systick.c **** void SysTick_init(uint32_t freq) {
  29              		.loc 1 4 34 view -0
  30              		.cfi_startproc
  31              		@ args = 0, pretend = 0, frame = 0
  32              		@ frame_needed = 0, uses_anonymous_args = 0
   5:src/systick.c ****   uint32_t period=get_SYSCLK()/freq;
  33              		.loc 1 5 3 view .LVU1
   4:src/systick.c ****   uint32_t period=get_SYSCLK()/freq;
  34              		.loc 1 4 34 is_stmt 0 view .LVU2
  35 0000 10B5     		push	{r4, lr}
  36              		.cfi_def_cfa_offset 8
  37              		.cfi_offset 4, -8
  38              		.cfi_offset 14, -4
   4:src/systick.c ****   uint32_t period=get_SYSCLK()/freq;
  39              		.loc 1 4 34 view .LVU3
  40 0002 0446     		mov	r4, r0
  41              		.loc 1 5 19 view .LVU4
  42 0004 FFF7FEFF 		bl	get_SYSCLK
  43              	.LVL1:
   6:src/systick.c ****   SysTick.LOAD=((period-1)&0x00ffffff);
  44              		.loc 1 6 3 is_stmt 1 view .LVU5
  45              		.loc 1 6 15 is_stmt 0 view .LVU6
  46 0008 064B     		ldr	r3, .L2
   5:src/systick.c ****   uint32_t period=get_SYSCLK()/freq;
  47              		.loc 1 5 12 view .LVU7
  48 000a B0FBF4F0 		udiv	r0, r0, r4
  49              	.LVL2:
  50              		.loc 1 6 24 view .LVU8
  51 000e 0138     		subs	r0, r0, #1
  52              	.LVL3:
   7:src/systick.c ****   SysTick.VAL=0;
  53              		.loc 1 7 14 view .LVU9
  54 0010 0022     		movs	r2, #0
   6:src/systick.c ****   SysTick.LOAD=((period-1)&0x00ffffff);
  55              		.loc 1 6 27 view .LVU10
  56 0012 20F07F40 		bic	r0, r0, #-16777216
  57              	.LVL4:
   6:src/systick.c ****   SysTick.LOAD=((period-1)&0x00ffffff);
  58              		.loc 1 6 15 view .LVU11
  59 0016 5860     		str	r0, [r3, #4]
  60              		.loc 1 7 3 is_stmt 1 view .LVU12
  61              		.loc 1 7 14 is_stmt 0 view .LVU13
  62 0018 9A60     		str	r2, [r3, #8]
   8:src/systick.c ****   SysTick.CTRL|=0x7;
  63              		.loc 1 8 3 is_stmt 1 view .LVU14
  64              		.loc 1 8 15 is_stmt 0 view .LVU15
  65 001a 1A68     		ldr	r2, [r3]
  66 001c 42F00702 		orr	r2, r2, #7
  67 0020 1A60     		str	r2, [r3]
   9:src/systick.c **** }
  68              		.loc 1 9 1 view .LVU16
  69 0022 10BD     		pop	{r4, pc}
  70              	.LVL5:
  71              	.L3:
  72              		.loc 1 9 1 view .LVU17
  73              		.align	2
  74              	.L2:
  75 0024 00000000 		.word	SysTick
  76              		.cfi_endproc
  77              	.LFE397:
  78              		.size	SysTick_init, .-SysTick_init
  79              		.align	1
  80              		.global	SysTick_deinit
  81              		.syntax unified
  82              		.thumb
  83              		.thumb_func
  84              		.fpu fpv4-sp-d16
  85              		.type	SysTick_deinit, %function
  86              	SysTick_deinit:
  87              	.LFB398:
  10:src/systick.c **** 
  11:src/systick.c **** void SysTick_deinit() {
  88              		.loc 1 11 23 is_stmt 1 view -0
  89              		.cfi_startproc
  90              		@ args = 0, pretend = 0, frame = 0
  91              		@ frame_needed = 0, uses_anonymous_args = 0
  92              		@ link register save eliminated.
  12:src/systick.c ****   SysTick.CTRL &= ~0x7;
  93              		.loc 1 12 3 view .LVU19
  94              		.loc 1 12 16 is_stmt 0 view .LVU20
  95 0028 024A     		ldr	r2, .L5
  96 002a 1368     		ldr	r3, [r2]
  97 002c 23F00703 		bic	r3, r3, #7
  98 0030 1360     		str	r3, [r2]
  13:src/systick.c **** }
  99              		.loc 1 13 1 view .LVU21
 100 0032 7047     		bx	lr
 101              	.L6:
 102              		.align	2
 103              	.L5:
 104 0034 00000000 		.word	SysTick
 105              		.cfi_endproc
 106              	.LFE398:
 107              		.size	SysTick_deinit, .-SysTick_deinit
 108              	.Letext0:
 109              		.file 2 "src/sys/devices.h"
 110              		.file 3 "/usr/lib/gcc/arm-none-eabi/10.3.1/include/stdint.h"
 111              		.file 4 "src/sys/clock.h"
 112              		.section	.debug_info,"",%progbits
 113              	.Ldebug_info0:
 114 0000 2E010000 		.4byte	0x12e
 115 0004 0400     		.2byte	0x4
 116 0006 00000000 		.4byte	.Ldebug_abbrev0
 117 000a 04       		.byte	0x4
 118 000b 01       		.uleb128 0x1
 119 000c 3C000000 		.4byte	.LASF14
 120 0010 0C       		.byte	0xc
 121 0011 0E000000 		.4byte	.LASF15
 122 0015 7E010000 		.4byte	.LASF16
 123 0019 00000000 		.4byte	.Ltext0
 124 001d 38000000 		.4byte	.Letext0-.Ltext0
 125 0021 00000000 		.4byte	.Ldebug_line0
 126 0025 02       		.uleb128 0x2
 127 0026 04       		.byte	0x4
 128 0027 07       		.byte	0x7
 129 0028 1C000000 		.4byte	.LASF0
 130 002c 02       		.uleb128 0x2
 131 002d 01       		.byte	0x1
 132 002e 06       		.byte	0x6
 133 002f 64010000 		.4byte	.LASF1
 134 0033 02       		.uleb128 0x2
 135 0034 02       		.byte	0x2
 136 0035 05       		.byte	0x5
 137 0036 C9010000 		.4byte	.LASF2
 138 003a 02       		.uleb128 0x2
 139 003b 04       		.byte	0x4
 140 003c 05       		.byte	0x5
 141 003d 48010000 		.4byte	.LASF3
 142 0041 02       		.uleb128 0x2
 143 0042 08       		.byte	0x8
 144 0043 05       		.byte	0x5
 145 0044 00000000 		.4byte	.LASF4
 146 0048 02       		.uleb128 0x2
 147 0049 01       		.byte	0x1
 148 004a 08       		.byte	0x8
 149 004b 31010000 		.4byte	.LASF5
 150 004f 02       		.uleb128 0x2
 151 0050 02       		.byte	0x2
 152 0051 07       		.byte	0x7
 153 0052 51010000 		.4byte	.LASF6
 154 0056 03       		.uleb128 0x3
 155 0057 3F010000 		.4byte	.LASF17
 156 005b 03       		.byte	0x3
 157 005c 34       		.byte	0x34
 158 005d 19       		.byte	0x19
 159 005e 62000000 		.4byte	0x62
 160 0062 02       		.uleb128 0x2
 161 0063 04       		.byte	0x4
 162 0064 07       		.byte	0x7
 163 0065 E4000000 		.4byte	.LASF7
 164 0069 02       		.uleb128 0x2
 165 006a 08       		.byte	0x8
 166 006b 07       		.byte	0x7
 167 006c FB000000 		.4byte	.LASF8
 168 0070 04       		.uleb128 0x4
 169 0071 04       		.byte	0x4
 170 0072 05       		.byte	0x5
 171 0073 696E7400 		.ascii	"int\000"
 172 0077 05       		.uleb128 0x5
 173 0078 70010000 		.4byte	.LASF18
 174 007c 10       		.byte	0x10
 175 007d 02       		.byte	0x2
 176 007e 40       		.byte	0x40
 177 007f 08       		.byte	0x8
 178 0080 B9000000 		.4byte	0xb9
 179 0084 06       		.uleb128 0x6
 180 0085 F6000000 		.4byte	.LASF9
 181 0089 02       		.byte	0x2
 182 008a 41       		.byte	0x41
 183 008b 0C       		.byte	0xc
 184 008c 56000000 		.4byte	0x56
 185 0090 00       		.byte	0
 186 0091 06       		.uleb128 0x6
 187 0092 2C010000 		.4byte	.LASF10
 188 0096 02       		.byte	0x2
 189 0097 42       		.byte	0x42
 190 0098 0C       		.byte	0xc
 191 0099 56000000 		.4byte	0x56
 192 009d 04       		.byte	0x4
 193 009e 07       		.uleb128 0x7
 194 009f 56414C00 		.ascii	"VAL\000"
 195 00a3 02       		.byte	0x2
 196 00a4 43       		.byte	0x43
 197 00a5 0C       		.byte	0xc
 198 00a6 56000000 		.4byte	0x56
 199 00aa 08       		.byte	0x8
 200 00ab 06       		.uleb128 0x6
 201 00ac 29000000 		.4byte	.LASF11
 202 00b0 02       		.byte	0x2
 203 00b1 44       		.byte	0x44
 204 00b2 0C       		.byte	0xc
 205 00b3 56000000 		.4byte	0x56
 206 00b7 0C       		.byte	0xc
 207 00b8 00       		.byte	0
 208 00b9 08       		.uleb128 0x8
 209 00ba 77000000 		.4byte	0x77
 210 00be 09       		.uleb128 0x9
 211 00bf C1010000 		.4byte	.LASF12
 212 00c3 02       		.byte	0x2
 213 00c4 2F02     		.2byte	0x22f
 214 00c6 26       		.byte	0x26
 215 00c7 B9000000 		.4byte	0xb9
 216 00cb 0A       		.uleb128 0xa
 217 00cc 12010000 		.4byte	.LASF19
 218 00d0 01       		.byte	0x1
 219 00d1 0B       		.byte	0xb
 220 00d2 06       		.byte	0x6
 221 00d3 28000000 		.4byte	.LFB398
 222 00d7 10000000 		.4byte	.LFE398-.LFB398
 223 00db 01       		.uleb128 0x1
 224 00dc 9C       		.byte	0x9c
 225 00dd 0B       		.uleb128 0xb
 226 00de 2F000000 		.4byte	.LASF20
 227 00e2 01       		.byte	0x1
 228 00e3 04       		.byte	0x4
 229 00e4 06       		.byte	0x6
 230 00e5 00000000 		.4byte	.LFB397
 231 00e9 28000000 		.4byte	.LFE397-.LFB397
 232 00ed 01       		.uleb128 0x1
 233 00ee 9C       		.byte	0x9c
 234 00ef 25010000 		.4byte	0x125
 235 00f3 0C       		.uleb128 0xc
 236 00f4 DF000000 		.4byte	.LASF21
 237 00f8 01       		.byte	0x1
 238 00f9 04       		.byte	0x4
 239 00fa 1C       		.byte	0x1c
 240 00fb 56000000 		.4byte	0x56
 241 00ff 06000000 		.4byte	.LLST0
 242 0103 00000000 		.4byte	.LVUS0
 243 0107 0D       		.uleb128 0xd
 244 0108 D3010000 		.4byte	.LASF13
 245 010c 01       		.byte	0x1
 246 010d 05       		.byte	0x5
 247 010e 0C       		.byte	0xc
 248 010f 56000000 		.4byte	0x56
 249 0113 38000000 		.4byte	.LLST1
 250 0117 32000000 		.4byte	.LVUS1
 251 011b 0E       		.uleb128 0xe
 252 011c 08000000 		.4byte	.LVL1
 253 0120 25010000 		.4byte	0x125
 254 0124 00       		.byte	0
 255 0125 0F       		.uleb128 0xf
 256 0126 21010000 		.4byte	.LASF22
 257 012a 21010000 		.4byte	.LASF22
 258 012e 04       		.byte	0x4
 259 012f 1A       		.byte	0x1a
 260 0130 0A       		.byte	0xa
 261 0131 00       		.byte	0
 262              		.section	.debug_abbrev,"",%progbits
 263              	.Ldebug_abbrev0:
 264 0000 01       		.uleb128 0x1
 265 0001 11       		.uleb128 0x11
 266 0002 01       		.byte	0x1
 267 0003 25       		.uleb128 0x25
 268 0004 0E       		.uleb128 0xe
 269 0005 13       		.uleb128 0x13
 270 0006 0B       		.uleb128 0xb
 271 0007 03       		.uleb128 0x3
 272 0008 0E       		.uleb128 0xe
 273 0009 1B       		.uleb128 0x1b
 274 000a 0E       		.uleb128 0xe
 275 000b 11       		.uleb128 0x11
 276 000c 01       		.uleb128 0x1
 277 000d 12       		.uleb128 0x12
 278 000e 06       		.uleb128 0x6
 279 000f 10       		.uleb128 0x10
 280 0010 17       		.uleb128 0x17
 281 0011 00       		.byte	0
 282 0012 00       		.byte	0
 283 0013 02       		.uleb128 0x2
 284 0014 24       		.uleb128 0x24
 285 0015 00       		.byte	0
 286 0016 0B       		.uleb128 0xb
 287 0017 0B       		.uleb128 0xb
 288 0018 3E       		.uleb128 0x3e
 289 0019 0B       		.uleb128 0xb
 290 001a 03       		.uleb128 0x3
 291 001b 0E       		.uleb128 0xe
 292 001c 00       		.byte	0
 293 001d 00       		.byte	0
 294 001e 03       		.uleb128 0x3
 295 001f 16       		.uleb128 0x16
 296 0020 00       		.byte	0
 297 0021 03       		.uleb128 0x3
 298 0022 0E       		.uleb128 0xe
 299 0023 3A       		.uleb128 0x3a
 300 0024 0B       		.uleb128 0xb
 301 0025 3B       		.uleb128 0x3b
 302 0026 0B       		.uleb128 0xb
 303 0027 39       		.uleb128 0x39
 304 0028 0B       		.uleb128 0xb
 305 0029 49       		.uleb128 0x49
 306 002a 13       		.uleb128 0x13
 307 002b 00       		.byte	0
 308 002c 00       		.byte	0
 309 002d 04       		.uleb128 0x4
 310 002e 24       		.uleb128 0x24
 311 002f 00       		.byte	0
 312 0030 0B       		.uleb128 0xb
 313 0031 0B       		.uleb128 0xb
 314 0032 3E       		.uleb128 0x3e
 315 0033 0B       		.uleb128 0xb
 316 0034 03       		.uleb128 0x3
 317 0035 08       		.uleb128 0x8
 318 0036 00       		.byte	0
 319 0037 00       		.byte	0
 320 0038 05       		.uleb128 0x5
 321 0039 13       		.uleb128 0x13
 322 003a 01       		.byte	0x1
 323 003b 03       		.uleb128 0x3
 324 003c 0E       		.uleb128 0xe
 325 003d 0B       		.uleb128 0xb
 326 003e 0B       		.uleb128 0xb
 327 003f 3A       		.uleb128 0x3a
 328 0040 0B       		.uleb128 0xb
 329 0041 3B       		.uleb128 0x3b
 330 0042 0B       		.uleb128 0xb
 331 0043 39       		.uleb128 0x39
 332 0044 0B       		.uleb128 0xb
 333 0045 01       		.uleb128 0x1
 334 0046 13       		.uleb128 0x13
 335 0047 00       		.byte	0
 336 0048 00       		.byte	0
 337 0049 06       		.uleb128 0x6
 338 004a 0D       		.uleb128 0xd
 339 004b 00       		.byte	0
 340 004c 03       		.uleb128 0x3
 341 004d 0E       		.uleb128 0xe
 342 004e 3A       		.uleb128 0x3a
 343 004f 0B       		.uleb128 0xb
 344 0050 3B       		.uleb128 0x3b
 345 0051 0B       		.uleb128 0xb
 346 0052 39       		.uleb128 0x39
 347 0053 0B       		.uleb128 0xb
 348 0054 49       		.uleb128 0x49
 349 0055 13       		.uleb128 0x13
 350 0056 38       		.uleb128 0x38
 351 0057 0B       		.uleb128 0xb
 352 0058 00       		.byte	0
 353 0059 00       		.byte	0
 354 005a 07       		.uleb128 0x7
 355 005b 0D       		.uleb128 0xd
 356 005c 00       		.byte	0
 357 005d 03       		.uleb128 0x3
 358 005e 08       		.uleb128 0x8
 359 005f 3A       		.uleb128 0x3a
 360 0060 0B       		.uleb128 0xb
 361 0061 3B       		.uleb128 0x3b
 362 0062 0B       		.uleb128 0xb
 363 0063 39       		.uleb128 0x39
 364 0064 0B       		.uleb128 0xb
 365 0065 49       		.uleb128 0x49
 366 0066 13       		.uleb128 0x13
 367 0067 38       		.uleb128 0x38
 368 0068 0B       		.uleb128 0xb
 369 0069 00       		.byte	0
 370 006a 00       		.byte	0
 371 006b 08       		.uleb128 0x8
 372 006c 35       		.uleb128 0x35
 373 006d 00       		.byte	0
 374 006e 49       		.uleb128 0x49
 375 006f 13       		.uleb128 0x13
 376 0070 00       		.byte	0
 377 0071 00       		.byte	0
 378 0072 09       		.uleb128 0x9
 379 0073 34       		.uleb128 0x34
 380 0074 00       		.byte	0
 381 0075 03       		.uleb128 0x3
 382 0076 0E       		.uleb128 0xe
 383 0077 3A       		.uleb128 0x3a
 384 0078 0B       		.uleb128 0xb
 385 0079 3B       		.uleb128 0x3b
 386 007a 05       		.uleb128 0x5
 387 007b 39       		.uleb128 0x39
 388 007c 0B       		.uleb128 0xb
 389 007d 49       		.uleb128 0x49
 390 007e 13       		.uleb128 0x13
 391 007f 3F       		.uleb128 0x3f
 392 0080 19       		.uleb128 0x19
 393 0081 3C       		.uleb128 0x3c
 394 0082 19       		.uleb128 0x19
 395 0083 00       		.byte	0
 396 0084 00       		.byte	0
 397 0085 0A       		.uleb128 0xa
 398 0086 2E       		.uleb128 0x2e
 399 0087 00       		.byte	0
 400 0088 3F       		.uleb128 0x3f
 401 0089 19       		.uleb128 0x19
 402 008a 03       		.uleb128 0x3
 403 008b 0E       		.uleb128 0xe
 404 008c 3A       		.uleb128 0x3a
 405 008d 0B       		.uleb128 0xb
 406 008e 3B       		.uleb128 0x3b
 407 008f 0B       		.uleb128 0xb
 408 0090 39       		.uleb128 0x39
 409 0091 0B       		.uleb128 0xb
 410 0092 11       		.uleb128 0x11
 411 0093 01       		.uleb128 0x1
 412 0094 12       		.uleb128 0x12
 413 0095 06       		.uleb128 0x6
 414 0096 40       		.uleb128 0x40
 415 0097 18       		.uleb128 0x18
 416 0098 9742     		.uleb128 0x2117
 417 009a 19       		.uleb128 0x19
 418 009b 00       		.byte	0
 419 009c 00       		.byte	0
 420 009d 0B       		.uleb128 0xb
 421 009e 2E       		.uleb128 0x2e
 422 009f 01       		.byte	0x1
 423 00a0 3F       		.uleb128 0x3f
 424 00a1 19       		.uleb128 0x19
 425 00a2 03       		.uleb128 0x3
 426 00a3 0E       		.uleb128 0xe
 427 00a4 3A       		.uleb128 0x3a
 428 00a5 0B       		.uleb128 0xb
 429 00a6 3B       		.uleb128 0x3b
 430 00a7 0B       		.uleb128 0xb
 431 00a8 39       		.uleb128 0x39
 432 00a9 0B       		.uleb128 0xb
 433 00aa 27       		.uleb128 0x27
 434 00ab 19       		.uleb128 0x19
 435 00ac 11       		.uleb128 0x11
 436 00ad 01       		.uleb128 0x1
 437 00ae 12       		.uleb128 0x12
 438 00af 06       		.uleb128 0x6
 439 00b0 40       		.uleb128 0x40
 440 00b1 18       		.uleb128 0x18
 441 00b2 9742     		.uleb128 0x2117
 442 00b4 19       		.uleb128 0x19
 443 00b5 01       		.uleb128 0x1
 444 00b6 13       		.uleb128 0x13
 445 00b7 00       		.byte	0
 446 00b8 00       		.byte	0
 447 00b9 0C       		.uleb128 0xc
 448 00ba 05       		.uleb128 0x5
 449 00bb 00       		.byte	0
 450 00bc 03       		.uleb128 0x3
 451 00bd 0E       		.uleb128 0xe
 452 00be 3A       		.uleb128 0x3a
 453 00bf 0B       		.uleb128 0xb
 454 00c0 3B       		.uleb128 0x3b
 455 00c1 0B       		.uleb128 0xb
 456 00c2 39       		.uleb128 0x39
 457 00c3 0B       		.uleb128 0xb
 458 00c4 49       		.uleb128 0x49
 459 00c5 13       		.uleb128 0x13
 460 00c6 02       		.uleb128 0x2
 461 00c7 17       		.uleb128 0x17
 462 00c8 B742     		.uleb128 0x2137
 463 00ca 17       		.uleb128 0x17
 464 00cb 00       		.byte	0
 465 00cc 00       		.byte	0
 466 00cd 0D       		.uleb128 0xd
 467 00ce 34       		.uleb128 0x34
 468 00cf 00       		.byte	0
 469 00d0 03       		.uleb128 0x3
 470 00d1 0E       		.uleb128 0xe
 471 00d2 3A       		.uleb128 0x3a
 472 00d3 0B       		.uleb128 0xb
 473 00d4 3B       		.uleb128 0x3b
 474 00d5 0B       		.uleb128 0xb
 475 00d6 39       		.uleb128 0x39
 476 00d7 0B       		.uleb128 0xb
 477 00d8 49       		.uleb128 0x49
 478 00d9 13       		.uleb128 0x13
 479 00da 02       		.uleb128 0x2
 480 00db 17       		.uleb128 0x17
 481 00dc B742     		.uleb128 0x2137
 482 00de 17       		.uleb128 0x17
 483 00df 00       		.byte	0
 484 00e0 00       		.byte	0
 485 00e1 0E       		.uleb128 0xe
 486 00e2 898201   		.uleb128 0x4109
 487 00e5 00       		.byte	0
 488 00e6 11       		.uleb128 0x11
 489 00e7 01       		.uleb128 0x1
 490 00e8 31       		.uleb128 0x31
 491 00e9 13       		.uleb128 0x13
 492 00ea 00       		.byte	0
 493 00eb 00       		.byte	0
 494 00ec 0F       		.uleb128 0xf
 495 00ed 2E       		.uleb128 0x2e
 496 00ee 00       		.byte	0
 497 00ef 3F       		.uleb128 0x3f
 498 00f0 19       		.uleb128 0x19
 499 00f1 3C       		.uleb128 0x3c
 500 00f2 19       		.uleb128 0x19
 501 00f3 6E       		.uleb128 0x6e
 502 00f4 0E       		.uleb128 0xe
 503 00f5 03       		.uleb128 0x3
 504 00f6 0E       		.uleb128 0xe
 505 00f7 3A       		.uleb128 0x3a
 506 00f8 0B       		.uleb128 0xb
 507 00f9 3B       		.uleb128 0x3b
 508 00fa 0B       		.uleb128 0xb
 509 00fb 39       		.uleb128 0x39
 510 00fc 0B       		.uleb128 0xb
 511 00fd 00       		.byte	0
 512 00fe 00       		.byte	0
 513 00ff 00       		.byte	0
 514              		.section	.debug_loc,"",%progbits
 515              	.Ldebug_loc0:
 516              	.LVUS0:
 517 0000 00       		.uleb128 0
 518 0001 00       		.uleb128 .LVU5
 519 0002 00       		.uleb128 .LVU5
 520 0003 00       		.uleb128 .LVU17
 521 0004 00       		.uleb128 .LVU17
 522 0005 00       		.uleb128 0
 523              	.LLST0:
 524 0006 00000000 		.4byte	.LVL0-.Ltext0
 525 000a 07000000 		.4byte	.LVL1-1-.Ltext0
 526 000e 0100     		.2byte	0x1
 527 0010 50       		.byte	0x50
 528 0011 07000000 		.4byte	.LVL1-1-.Ltext0
 529 0015 24000000 		.4byte	.LVL5-.Ltext0
 530 0019 0100     		.2byte	0x1
 531 001b 54       		.byte	0x54
 532 001c 24000000 		.4byte	.LVL5-.Ltext0
 533 0020 28000000 		.4byte	.LFE397-.Ltext0
 534 0024 0400     		.2byte	0x4
 535 0026 F3       		.byte	0xf3
 536 0027 01       		.uleb128 0x1
 537 0028 50       		.byte	0x50
 538 0029 9F       		.byte	0x9f
 539 002a 00000000 		.4byte	0
 540 002e 00000000 		.4byte	0
 541              	.LVUS1:
 542 0032 00       		.uleb128 .LVU5
 543 0033 00       		.uleb128 .LVU8
 544 0034 00       		.uleb128 .LVU8
 545 0035 00       		.uleb128 .LVU9
 546 0036 00       		.uleb128 .LVU9
 547 0037 00       		.uleb128 .LVU11
 548              	.LLST1:
 549 0038 08000000 		.4byte	.LVL1-.Ltext0
 550 003c 0E000000 		.4byte	.LVL2-.Ltext0
 551 0040 0C00     		.2byte	0xc
 552 0042 70       		.byte	0x70
 553 0043 00       		.sleb128 0
 554 0044 F7       		.byte	0xf7
 555 0045 25       		.uleb128 0x25
 556 0046 74       		.byte	0x74
 557 0047 00       		.sleb128 0
 558 0048 F7       		.byte	0xf7
 559 0049 25       		.uleb128 0x25
 560 004a 1B       		.byte	0x1b
 561 004b F7       		.byte	0xf7
 562 004c 00       		.uleb128 0
 563 004d 9F       		.byte	0x9f
 564 004e 0E000000 		.4byte	.LVL2-.Ltext0
 565 0052 10000000 		.4byte	.LVL3-.Ltext0
 566 0056 0100     		.2byte	0x1
 567 0058 50       		.byte	0x50
 568 0059 10000000 		.4byte	.LVL3-.Ltext0
 569 005d 16000000 		.4byte	.LVL4-.Ltext0
 570 0061 0300     		.2byte	0x3
 571 0063 70       		.byte	0x70
 572 0064 01       		.sleb128 1
 573 0065 9F       		.byte	0x9f
 574 0066 00000000 		.4byte	0
 575 006a 00000000 		.4byte	0
 576              		.section	.debug_aranges,"",%progbits
 577 0000 1C000000 		.4byte	0x1c
 578 0004 0200     		.2byte	0x2
 579 0006 00000000 		.4byte	.Ldebug_info0
 580 000a 04       		.byte	0x4
 581 000b 00       		.byte	0
 582 000c 0000     		.2byte	0
 583 000e 0000     		.2byte	0
 584 0010 00000000 		.4byte	.Ltext0
 585 0014 38000000 		.4byte	.Letext0-.Ltext0
 586 0018 00000000 		.4byte	0
 587 001c 00000000 		.4byte	0
 588              		.section	.debug_line,"",%progbits
 589              	.Ldebug_line0:
 590 0000 DA000000 		.section	.debug_str,"MS",%progbits,1
 590      03007A00 
 590      00000201 
 590      FB0E0D00 
 590      01010101 
 591              	.LASF4:
 592 0000 6C6F6E67 		.ascii	"long long int\000"
 592      206C6F6E 
 592      6720696E 
 592      7400
 593              	.LASF15:
 594 000e 7372632F 		.ascii	"src/systick.c\000"
 594      73797374 
 594      69636B2E 
 594      6300
 595              	.LASF0:
 596 001c 756E7369 		.ascii	"unsigned int\000"
 596      676E6564 
 596      20696E74 
 596      00
 597              	.LASF11:
 598 0029 43414C49 		.ascii	"CALIB\000"
 598      4200
 599              	.LASF20:
 600 002f 53797354 		.ascii	"SysTick_init\000"
 600      69636B5F 
 600      696E6974 
 600      00
 601              	.LASF14:
 602 003c 474E5520 		.ascii	"GNU C99 10.3.1 20210621 (release) -mtune=cortex-m4 "
 602      43393920 
 602      31302E33 
 602      2E312032 
 602      30323130 
 603 006f 2D6D7468 		.ascii	"-mthumb -mfloat-abi=hard -mfpu=fpv4-sp-d16 -march=a"
 603      756D6220 
 603      2D6D666C 
 603      6F61742D 
 603      6162693D 
 604 00a2 726D7637 		.ascii	"rmv7e-m+fp -g -O0 -Os -std=gnu99 -fsingle-precision"
 604      652D6D2B 
 604      6670202D 
 604      67202D4F 
 604      30202D4F 
 605 00d5 2D636F6E 		.ascii	"-constant\000"
 605      7374616E 
 605      7400
 606              	.LASF21:
 607 00df 66726571 		.ascii	"freq\000"
 607      00
 608              	.LASF7:
 609 00e4 6C6F6E67 		.ascii	"long unsigned int\000"
 609      20756E73 
 609      69676E65 
 609      6420696E 
 609      7400
 610              	.LASF9:
 611 00f6 4354524C 		.ascii	"CTRL\000"
 611      00
 612              	.LASF8:
 613 00fb 6C6F6E67 		.ascii	"long long unsigned int\000"
 613      206C6F6E 
 613      6720756E 
 613      7369676E 
 613      65642069 
 614              	.LASF19:
 615 0112 53797354 		.ascii	"SysTick_deinit\000"
 615      69636B5F 
 615      6465696E 
 615      697400
 616              	.LASF22:
 617 0121 6765745F 		.ascii	"get_SYSCLK\000"
 617      53595343 
 617      4C4B00
 618              	.LASF10:
 619 012c 4C4F4144 		.ascii	"LOAD\000"
 619      00
 620              	.LASF5:
 621 0131 756E7369 		.ascii	"unsigned char\000"
 621      676E6564 
 621      20636861 
 621      7200
 622              	.LASF17:
 623 013f 75696E74 		.ascii	"uint32_t\000"
 623      33325F74 
 623      00
 624              	.LASF3:
 625 0148 6C6F6E67 		.ascii	"long int\000"
 625      20696E74 
 625      00
 626              	.LASF6:
 627 0151 73686F72 		.ascii	"short unsigned int\000"
 627      7420756E 
 627      7369676E 
 627      65642069 
 627      6E7400
 628              	.LASF1:
 629 0164 7369676E 		.ascii	"signed char\000"
 629      65642063 
 629      68617200 
 630              	.LASF18:
 631 0170 53544B5F 		.ascii	"STK_registers\000"
 631      72656769 
 631      73746572 
 631      7300
 632              	.LASF16:
 633 017e 2F686F6D 		.ascii	"/home/matthieu/Documents/Projet_Final_MicroC/Projet"
 633      652F6D61 
 633      74746869 
 633      65752F44 
 633      6F63756D 
 634 01b1 4D696372 		.ascii	"Micro/c_project\000"
 634      6F2F635F 
 634      70726F6A 
 634      65637400 
 635              	.LASF12:
 636 01c1 53797354 		.ascii	"SysTick\000"
 636      69636B00 
 637              	.LASF2:
 638 01c9 73686F72 		.ascii	"short int\000"
 638      7420696E 
 638      7400
 639              	.LASF13:
 640 01d3 70657269 		.ascii	"period\000"
 640      6F6400
 641              		.ident	"GCC: (15:10.3-2021.07-4) 10.3.1 20210621 (release)"
DEFINED SYMBOLS
                            *ABS*:0000000000000000 systick.c
     /tmp/ccLHkuEO.s:17     .text:0000000000000000 $t
     /tmp/ccLHkuEO.s:25     .text:0000000000000000 SysTick_init
     /tmp/ccLHkuEO.s:75     .text:0000000000000024 $d
     /tmp/ccLHkuEO.s:79     .text:0000000000000028 $t
     /tmp/ccLHkuEO.s:86     .text:0000000000000028 SysTick_deinit
     /tmp/ccLHkuEO.s:104    .text:0000000000000034 $d

UNDEFINED SYMBOLS
get_SYSCLK
SysTick
